<?xml version="1.0" encoding="UTF-8"?>
<testsuites>
  <testsuite id="0" name="C:\Users\huynh\Desktop\QA\src\moneylover\src\test\business_calculateBalance.test.js" errors="0" package="C:\Users\huynh\Desktop\QA\src\moneylover\src\test\business_calculateBalance.test.js" hostname="localhost" tests="0" failures="0" time="0" timestamp="1970-01-01T00:00:00">
    <properties>
    </properties>
    <system-out/>
    <system-err/>
  </testsuite>
  <testsuite id="1" name="C:\Users\huynh\Desktop\QA\src\moneylover\src\test\validity.test.js" errors="0" package="C:\Users\huynh\Desktop\QA\src\moneylover\src\test\validity.test.js" hostname="localhost" tests="0" failures="0" time="0" timestamp="1970-01-01T00:00:00">
    <properties>
    </properties>
    <system-out/>
    <system-err/>
  </testsuite>
  <testsuite id="2" name="C:\Users\huynh\Desktop\QA\src\moneylover\src\test\component_login.test.js" errors="0" package="C:\Users\huynh\Desktop\QA\src\moneylover\src\test\component_login.test.js" hostname="localhost" tests="0" failures="0" time="0" timestamp="1970-01-01T00:00:00">
    <properties>
    </properties>
    <system-out/>
    <system-err/>
  </testsuite>
  <testsuite id="3" name="C:\Users\huynh\Desktop\QA\src\moneylover\src\test\business_calculateDay.test.js" errors="0" package="C:\Users\huynh\Desktop\QA\src\moneylover\src\test\business_calculateDay.test.js" hostname="localhost" tests="0" failures="0" time="0" timestamp="1970-01-01T00:00:00">
    <properties>
    </properties>
    <system-out/>
    <system-err/>
  </testsuite>
</testsuites>